<?xml version="1.0" encoding="UTF-8"?>
<testng-results ignored="0" total="1" passed="1" failed="0" skipped="0">
  <reporter-output>
    <line>
      <![CDATA[login to application]]>
    </line>
    <line>
      <![CDATA[Check the profile]]>
    </line>
    <line>
      <![CDATA[logout to application]]>
    </line>
  </reporter-output>
  <suite started-at="2023-07-20T14:55:03 IST" name="Default suite" finished-at="2023-07-20T14:55:03 IST" duration-ms="320">
    <groups>
    </groups>
    <test started-at="2023-07-20T14:55:03 IST" name="Default test" finished-at="2023-07-20T14:55:03 IST" duration-ms="320">
      <class name="TestNg.TestA">
        <test-method is-config="true" signature="login()[pri:0, instance:TestNg.TestA@1ed6388a]" started-at="2023-07-20T14:55:03 IST" name="login" finished-at="2023-07-20T14:55:03 IST" duration-ms="90" status="PASS">
          <reporter-output>
            <line>
              <![CDATA[login to application]]>
            </line>
          </reporter-output>
        </test-method> <!-- login -->
        <test-method signature="profilePage()[pri:0, instance:TestNg.TestA@1ed6388a]" started-at="2023-07-20T14:55:03 IST" name="profilePage" finished-at="2023-07-20T14:55:03 IST" duration-ms="37" status="PASS">
          <reporter-output>
            <line>
              <![CDATA[Check the profile]]>
            </line>
          </reporter-output>
        </test-method> <!-- profilePage -->
        <test-method is-config="true" signature="logOut()[pri:0, instance:TestNg.TestA@1ed6388a]" started-at="2023-07-20T14:55:03 IST" name="logOut" finished-at="2023-07-20T14:55:03 IST" duration-ms="1" status="PASS">
          <reporter-output>
            <line>
              <![CDATA[logout to application]]>
            </line>
          </reporter-output>
        </test-method> <!-- logOut -->
      </class> <!-- TestNg.TestA -->
    </test> <!-- Default test -->
  </suite> <!-- Default suite -->
</testng-results>
